<?xml version="1.0" encoding="UTF-8"?>
<!-- Generated by org.testng.reporters.JUnitReportReporter -->
<testsuite hostname="user6" failures="0" tests="5" name="runners.MyTestRunner" time="26.393" errors="0" timestamp="2024-11-19T16:54:55 IST" skipped="0">
  <testcase classname="runners.MyTestRunner" name="runScenario" time="6.711"/>
  <system-out/>
  <testcase classname="runners.MyTestRunner" name="runScenario" time="2.361"/>
  <system-out/>
  <testcase classname="runners.MyTestRunner" name="runScenario" time="8.508"/>
  <system-out/>
  <testcase classname="runners.MyTestRunner" name="runScenario" time="2.612"/>
  <system-out/>
  <testcase classname="runners.MyTestRunner" name="runScenario" time="6.201"/>
  <system-out/>
</testsuite> <!-- runners.MyTestRunner -->
